# JRE version: OpenJDK Runtime Environment (8.0_152-b02) (build 1.8.0_152-release-1024-b02)
# Java VM: OpenJDK 64-Bit Server VM (25.152-b02 mixed mode windows-amd64 compressed oops)
Heap:
 PSYoungGen      total 329728K, used 63484K [0x00000000e0000000, 0x00000000fa200000, 0x0000000100000000)
  eden space 309760K, 16% used [0x00000000e0000000,0x00000000e3306600,0x00000000f2e80000)
  from space 19968K, 56% used [0x00000000f2e80000,0x00000000f3978b20,0x00000000f4200000)
  to   space 28672K, 0% used [0x00000000f8600000,0x00000000f8600000,0x00000000fa200000)
 ParOldGen       total 183808K, used 54120K [0x00000000a0000000, 0x00000000ab380000, 0x00000000e0000000)
  object space 183808K, 29% used [0x00000000a0000000,0x00000000a34da028,0x00000000ab380000)
 Metaspace       used 73392K, capacity 76772K, committed 77144K, reserved 1116160K
  class space    used 9505K, capacity 10241K, committed 10368K, reserved 1048576K
GC Heap History (10 events):
Event: 485.600 GC heap before
{Heap before GC invocations=25 (full 5):
 PSYoungGen      total 249856K, used 240969K [0x00000000e0000000, 0x00000000f2180000, 0x0000000100000000)
  eden space 229376K, 99% used [0x00000000e0000000,0x00000000edf48f80,0x00000000ee000000)
  from space 20480K, 60% used [0x00000000ee000000,0x00000000eec09558,0x00000000ef400000)
  to   space 20992K, 0% used [0x00000000f0d00000,0x00000000f0d00000,0x00000000f2180000)
 ParOldGen       total 56832K, used 38752K [0x00000000a0000000, 0x00000000a3780000, 0x00000000e0000000)
  object space 56832K, 68% used [0x00000000a0000000,0x00000000a25d8008,0x00000000a3780000)
 Metaspace       used 71392K, capacity 74518K, committed 74584K, reserved 1114112K
  class space    used 9377K, capacity 10072K, committed 10112K, reserved 1048576K
Event: 485.612 GC heap after
Heap after GC invocations=25 (full 5):
 PSYoungGen      total 276992K, used 8783K [0x00000000e0000000, 0x00000000f4100000, 0x0000000100000000)
  eden space 256000K, 0% used [0x00000000e0000000,0x00000000e0000000,0x00000000efa00000)
  from space 20992K, 41% used [0x00000000f0d00000,0x00000000f1593fd0,0x00000000f2180000)
  to   space 19456K, 0% used [0x00000000efa00000,0x00000000efa00000,0x00000000f0d00000)
 ParOldGen       total 56832K, used 38752K [0x00000000a0000000, 0x00000000a3780000, 0x00000000e0000000)
  object space 56832K, 68% used [0x00000000a0000000,0x00000000a25d8008,0x00000000a3780000)
 Metaspace       used 71392K, capacity 74518K, committed 74584K, reserved 1114112K
  class space    used 9377K, capacity 10072K, committed 10112K, reserved 1048576K
}
Event: 506.273 GC heap before
{Heap before GC invocations=26 (full 5):
 PSYoungGen      total 276992K, used 264783K [0x00000000e0000000, 0x00000000f4100000, 0x0000000100000000)
  eden space 256000K, 100% used [0x00000000e0000000,0x00000000efa00000,0x00000000efa00000)
  from space 20992K, 41% used [0x00000000f0d00000,0x00000000f1593fd0,0x00000000f2180000)
  to   space 19456K, 0% used [0x00000000efa00000,0x00000000efa00000,0x00000000f0d00000)
 ParOldGen       total 56832K, used 38752K [0x00000000a0000000, 0x00000000a3780000, 0x00000000e0000000)
  object space 56832K, 68% used [0x00000000a0000000,0x00000000a25d8008,0x00000000a3780000)
 Metaspace       used 71428K, capacity 74596K, committed 74840K, reserved 1114112K
  class space    used 9382K, capacity 10073K, committed 10112K, reserved 1048576K
Event: 506.281 GC heap after
Heap after GC invocations=26 (full 5):
 PSYoungGen      total 275456K, used 2817K [0x00000000e0000000, 0x00000000f5a80000, 0x0000000100000000)
  eden space 256000K, 0% used [0x00000000e0000000,0x00000000e0000000,0x00000000efa00000)
  from space 19456K, 14% used [0x00000000efa00000,0x00000000efcc0580,0x00000000f0d00000)
  to   space 19456K, 0% used [0x00000000f4780000,0x00000000f4780000,0x00000000f5a80000)
 ParOldGen       total 56832K, used 38880K [0x00000000a0000000, 0x00000000a3780000, 0x00000000e0000000)
  object space 56832K, 68% used [0x00000000a0000000,0x00000000a25f8028,0x00000000a3780000)
 Metaspace       used 71428K, capacity 74596K, committed 74840K, reserved 1114112K
  class space    used 9382K, capacity 10073K, committed 10112K, reserved 1048576K
}
Event: 513.174 GC heap before
{Heap before GC invocations=27 (full 5):
 PSYoungGen      total 275456K, used 258817K [0x00000000e0000000, 0x00000000f5a80000, 0x0000000100000000)
  eden space 256000K, 100% used [0x00000000e0000000,0x00000000efa00000,0x00000000efa00000)
  from space 19456K, 14% used [0x00000000efa00000,0x00000000efcc0580,0x00000000f0d00000)
  to   space 19456K, 0% used [0x00000000f4780000,0x00000000f4780000,0x00000000f5a80000)
 ParOldGen       total 56832K, used 38880K [0x00000000a0000000, 0x00000000a3780000, 0x00000000e0000000)
  object space 56832K, 68% used [0x00000000a0000000,0x00000000a25f8028,0x00000000a3780000)
 Metaspace       used 73263K, capacity 76768K, committed 76888K, reserved 1116160K
  class space    used 9529K, capacity 10281K, committed 10368K, reserved 1048576K
Event: 513.204 GC heap after
Heap after GC invocations=27 (full 5):
 PSYoungGen      total 324096K, used 12066K [0x00000000e0000000, 0x00000000f5580000, 0x0000000100000000)
  eden space 309760K, 0% used [0x00000000e0000000,0x00000000e0000000,0x00000000f2e80000)
  from space 14336K, 84% used [0x00000000f4780000,0x00000000f5348880,0x00000000f5580000)
  to   space 19968K, 0% used [0x00000000f2e80000,0x00000000f2e80000,0x00000000f4200000)
 ParOldGen       total 56832K, used 40974K [0x00000000a0000000, 0x00000000a3780000, 0x00000000e0000000)
  object space 56832K, 72% used [0x00000000a0000000,0x00000000a2803918,0x00000000a3780000)
 Metaspace       used 73263K, capacity 76768K, committed 76888K, reserved 1116160K
  class space    used 9529K, capacity 10281K, committed 10368K, reserved 1048576K
}
Event: 515.884 GC heap before
{Heap before GC invocations=28 (full 5):
 PSYoungGen      total 324096K, used 321826K [0x00000000e0000000, 0x00000000f5580000, 0x0000000100000000)
  eden space 309760K, 100% used [0x00000000e0000000,0x00000000f2e80000,0x00000000f2e80000)
  from space 14336K, 84% used [0x00000000f4780000,0x00000000f5348880,0x00000000f5580000)
  to   space 19968K, 0% used [0x00000000f2e80000,0x00000000f2e80000,0x00000000f4200000)
 ParOldGen       total 56832K, used 40974K [0x00000000a0000000, 0x00000000a3780000, 0x00000000e0000000)
  object space 56832K, 72% used [0x00000000a0000000,0x00000000a2803918,0x00000000a3780000)
 Metaspace       used 73453K, capacity 76918K, committed 77144K, reserved 1116160K
  class space    used 9529K, capacity 10282K, committed 10368K, reserved 1048576K
Event: 515.929 GC heap after
Heap after GC invocations=28 (full 5):
 PSYoungGen      total 329728K, used 19948K [0x00000000e0000000, 0x00000000fa200000, 0x0000000100000000)
  eden space 309760K, 0% used [0x00000000e0000000,0x00000000e0000000,0x00000000f2e80000)
  from space 19968K, 99% used [0x00000000f2e80000,0x00000000f41fb038,0x00000000f4200000)
  to   space 28672K, 0% used [0x00000000f8600000,0x00000000f8600000,0x00000000fa200000)
 ParOldGen       total 56832K, used 55320K [0x00000000a0000000, 0x00000000a3780000, 0x00000000e0000000)
  object space 56832K, 97% used [0x00000000a0000000,0x00000000a3606308,0x00000000a3780000)
 Metaspace       used 73453K, capacity 76918K, committed 77144K, reserved 1116160K
  class space    used 9529K, capacity 10282K, committed 10368K, reserved 1048576K
}
Event: 515.929 GC heap before
{Heap before GC invocations=29 (full 6):
 PSYoungGen      total 329728K, used 19948K [0x00000000e0000000, 0x00000000fa200000, 0x0000000100000000)
  eden space 309760K, 0% used [0x00000000e0000000,0x00000000e0000000,0x00000000f2e80000)
  from space 19968K, 99% used [0x00000000f2e80000,0x00000000f41fb038,0x00000000f4200000)
  to   space 28672K, 0% used [0x00000000f8600000,0x00000000f8600000,0x00000000fa200000)
 ParOldGen       total 56832K, used 55320K [0x00000000a0000000, 0x00000000a3780000, 0x00000000e0000000)
  object space 56832K, 97% used [0x00000000a0000000,0x00000000a3606308,0x00000000a3780000)
 Metaspace       used 73453K, capacity 76918K, committed 77144K, reserved 1116160K
  class space    used 9529K, capacity 10282K, committed 10368K, reserved 1048576K
Event: 516.445 GC heap after
Heap after GC invocations=29 (full 6):
 PSYoungGen      total 329728K, used 11234K [0x00000000e0000000, 0x00000000fa200000, 0x0000000100000000)
  eden space 309760K, 0% used [0x00000000e0000000,0x00000000e0000000,0x00000000f2e80000)
  from space 19968K, 56% used [0x00000000f2e80000,0x00000000f3978b20,0x00000000f4200000)
  to   space 28672K, 0% used [0x00000000f8600000,0x00000000f8600000,0x00000000fa200000)
 ParOldGen       total 183808K, used 54120K [0x00000000a0000000, 0x00000000ab380000, 0x00000000e0000000)
  object space 183808K, 29% used [0x00000000a0000000,0x00000000a34da028,0x00000000ab380000)
 Metaspace       used 73380K, capacity 76756K, committed 77144K, reserved 1116160K
  class space    used 9503K, capacity 10237K, committed 10368K, reserved 1048576K
}

