# JRE version: OpenJDK Runtime Environment (8.0_152-b02) (build 1.8.0_152-release-1024-b02)
# Java VM: OpenJDK 64-Bit Server VM (25.152-b02 mixed mode windows-amd64 compressed oops)
Heap:
 PSYoungGen      total 235520K, used 93876K [0x00000000e0000000, 0x00000000f0200000, 0x0000000100000000)
  eden space 218112K, 41% used [0x00000000e0000000,0x00000000e59490c8,0x00000000ed500000)
  from space 17408K, 14% used [0x00000000ef100000,0x00000000ef3641b0,0x00000000f0200000)
  to   space 23040K, 0% used [0x00000000ed500000,0x00000000ed500000,0x00000000eeb80000)
 ParOldGen       total 78848K, used 78514K [0x00000000a0000000, 0x00000000a4d00000, 0x00000000e0000000)
  object space 78848K, 99% used [0x00000000a0000000,0x00000000a4cac860,0x00000000a4d00000)
 Metaspace       used 99987K, capacity 104556K, committed 105048K, reserved 1140736K
  class space    used 12795K, capacity 13795K, committed 13952K, reserved 1048576K
GC Heap History (10 events):
Event: 1054.653 GC heap before
{Heap before GC invocations=25 (full 4):
 PSYoungGen      total 241152K, used 13606K [0x00000000e0000000, 0x00000000f0200000, 0x0000000100000000)
  eden space 218112K, 0% used [0x00000000e0000000,0x00000000e0000000,0x00000000ed500000)
  from space 23040K, 59% used [0x00000000ed500000,0x00000000ee249ae0,0x00000000eeb80000)
  to   space 17408K, 0% used [0x00000000ef100000,0x00000000ef100000,0x00000000f0200000)
 ParOldGen       total 78848K, used 67989K [0x00000000a0000000, 0x00000000a4d00000, 0x00000000e0000000)
  object space 78848K, 86% used [0x00000000a0000000,0x00000000a4265458,0x00000000a4d00000)
 Metaspace       used 88415K, capacity 92086K, committed 92376K, reserved 1130496K
  class space    used 11411K, capacity 12244K, committed 12288K, reserved 1048576K
Event: 1055.364 GC heap after
Heap after GC invocations=25 (full 4):
 PSYoungGen      total 241152K, used 0K [0x00000000e0000000, 0x00000000f0200000, 0x0000000100000000)
  eden space 218112K, 0% used [0x00000000e0000000,0x00000000e0000000,0x00000000ed500000)
  from space 23040K, 0% used [0x00000000ed500000,0x00000000ed500000,0x00000000eeb80000)
  to   space 17408K, 0% used [0x00000000ef100000,0x00000000ef100000,0x00000000f0200000)
 ParOldGen       total 78848K, used 66346K [0x00000000a0000000, 0x00000000a4d00000, 0x00000000e0000000)
  object space 78848K, 84% used [0x00000000a0000000,0x00000000a40cabb8,0x00000000a4d00000)
 Metaspace       used 88392K, capacity 91998K, committed 92376K, reserved 1130496K
  class space    used 11404K, capacity 12236K, committed 12288K, reserved 1048576K
}
Event: 1060.865 GC heap before
{Heap before GC invocations=26 (full 4):
 PSYoungGen      total 241152K, used 217275K [0x00000000e0000000, 0x00000000f0200000, 0x0000000100000000)
  eden space 218112K, 99% used [0x00000000e0000000,0x00000000ed42eea8,0x00000000ed500000)
  from space 23040K, 0% used [0x00000000ed500000,0x00000000ed500000,0x00000000eeb80000)
  to   space 17408K, 0% used [0x00000000ef100000,0x00000000ef100000,0x00000000f0200000)
 ParOldGen       total 78848K, used 66346K [0x00000000a0000000, 0x00000000a4d00000, 0x00000000e0000000)
  object space 78848K, 84% used [0x00000000a0000000,0x00000000a40cabb8,0x00000000a4d00000)
 Metaspace       used 90955K, capacity 94730K, committed 94936K, reserved 1132544K
  class space    used 11656K, capacity 12526K, committed 12544K, reserved 1048576K
Event: 1060.885 GC heap after
Heap after GC invocations=26 (full 4):
 PSYoungGen      total 235520K, used 14415K [0x00000000e0000000, 0x00000000f0200000, 0x0000000100000000)
  eden space 218112K, 0% used [0x00000000e0000000,0x00000000e0000000,0x00000000ed500000)
  from space 17408K, 82% used [0x00000000ef100000,0x00000000eff13ef8,0x00000000f0200000)
  to   space 23040K, 0% used [0x00000000ed500000,0x00000000ed500000,0x00000000eeb80000)
 ParOldGen       total 78848K, used 66354K [0x00000000a0000000, 0x00000000a4d00000, 0x00000000e0000000)
  object space 78848K, 84% used [0x00000000a0000000,0x00000000a40ccbb8,0x00000000a4d00000)
 Metaspace       used 90955K, capacity 94730K, committed 94936K, reserved 1132544K
  class space    used 11656K, capacity 12526K, committed 12544K, reserved 1048576K
}
Event: 1062.905 GC heap before
{Heap before GC invocations=27 (full 4):
 PSYoungGen      total 235520K, used 232527K [0x00000000e0000000, 0x00000000f0200000, 0x0000000100000000)
  eden space 218112K, 100% used [0x00000000e0000000,0x00000000ed500000,0x00000000ed500000)
  from space 17408K, 82% used [0x00000000ef100000,0x00000000eff13ef8,0x00000000f0200000)
  to   space 23040K, 0% used [0x00000000ed500000,0x00000000ed500000,0x00000000eeb80000)
 ParOldGen       total 78848K, used 66354K [0x00000000a0000000, 0x00000000a4d00000, 0x00000000e0000000)
  object space 78848K, 84% used [0x00000000a0000000,0x00000000a40ccbb8,0x00000000a4d00000)
 Metaspace       used 91578K, capacity 95572K, committed 95704K, reserved 1132544K
  class space    used 11757K, capacity 12685K, committed 12800K, reserved 1048576K
Event: 1062.928 GC heap after
Heap after GC invocations=27 (full 4):
 PSYoungGen      total 241152K, used 13406K [0x00000000e0000000, 0x00000000f0200000, 0x0000000100000000)
  eden space 218112K, 0% used [0x00000000e0000000,0x00000000e0000000,0x00000000ed500000)
  from space 23040K, 58% used [0x00000000ed500000,0x00000000ee2178d8,0x00000000eeb80000)
  to   space 17408K, 0% used [0x00000000ef100000,0x00000000ef100000,0x00000000f0200000)
 ParOldGen       total 78848K, used 66362K [0x00000000a0000000, 0x00000000a4d00000, 0x00000000e0000000)
  object space 78848K, 84% used [0x00000000a0000000,0x00000000a40cebb8,0x00000000a4d00000)
 Metaspace       used 91578K, capacity 95572K, committed 95704K, reserved 1132544K
  class space    used 11757K, capacity 12685K, committed 12800K, reserved 1048576K
}
Event: 1071.918 GC heap before
{Heap before GC invocations=28 (full 4):
 PSYoungGen      total 241152K, used 231518K [0x00000000e0000000, 0x00000000f0200000, 0x0000000100000000)
  eden space 218112K, 100% used [0x00000000e0000000,0x00000000ed500000,0x00000000ed500000)
  from space 23040K, 58% used [0x00000000ed500000,0x00000000ee2178d8,0x00000000eeb80000)
  to   space 17408K, 0% used [0x00000000ef100000,0x00000000ef100000,0x00000000f0200000)
 ParOldGen       total 78848K, used 66362K [0x00000000a0000000, 0x00000000a4d00000, 0x00000000e0000000)
  object space 78848K, 84% used [0x00000000a0000000,0x00000000a40cebb8,0x00000000a4d00000)
 Metaspace       used 99807K, capacity 104434K, committed 104664K, reserved 1140736K
  class space    used 12800K, capacity 13788K, committed 13824K, reserved 1048576K
Event: 1071.962 GC heap after
Heap after GC invocations=28 (full 4):
 PSYoungGen      total 235520K, used 17392K [0x00000000e0000000, 0x00000000f0200000, 0x0000000100000000)
  eden space 218112K, 0% used [0x00000000e0000000,0x00000000e0000000,0x00000000ed500000)
  from space 17408K, 99% used [0x00000000ef100000,0x00000000f01fc310,0x00000000f0200000)
  to   space 23040K, 0% used [0x00000000ed500000,0x00000000ed500000,0x00000000eeb80000)
 ParOldGen       total 78848K, used 77761K [0x00000000a0000000, 0x00000000a4d00000, 0x00000000e0000000)
  object space 78848K, 98% used [0x00000000a0000000,0x00000000a4bf0740,0x00000000a4d00000)
 Metaspace       used 99807K, capacity 104434K, committed 104664K, reserved 1140736K
  class space    used 12800K, capacity 13788K, committed 13824K, reserved 1048576K
}
Event: 1071.962 GC heap before
{Heap before GC invocations=29 (full 5):
 PSYoungGen      total 235520K, used 17392K [0x00000000e0000000, 0x00000000f0200000, 0x0000000100000000)
  eden space 218112K, 0% used [0x00000000e0000000,0x00000000e0000000,0x00000000ed500000)
  from space 17408K, 99% used [0x00000000ef100000,0x00000000f01fc310,0x00000000f0200000)
  to   space 23040K, 0% used [0x00000000ed500000,0x00000000ed500000,0x00000000eeb80000)
 ParOldGen       total 78848K, used 77761K [0x00000000a0000000, 0x00000000a4d00000, 0x00000000e0000000)
  object space 78848K, 98% used [0x00000000a0000000,0x00000000a4bf0740,0x00000000a4d00000)
 Metaspace       used 99807K, capacity 104434K, committed 104664K, reserved 1140736K
  class space    used 12800K, capacity 13788K, committed 13824K, reserved 1048576K
Event: 1072.848 GC heap after
Heap after GC invocations=29 (full 5):
 PSYoungGen      total 235520K, used 2448K [0x00000000e0000000, 0x00000000f0200000, 0x0000000100000000)
  eden space 218112K, 0% used [0x00000000e0000000,0x00000000e0000000,0x00000000ed500000)
  from space 17408K, 14% used [0x00000000ef100000,0x00000000ef3641b0,0x00000000f0200000)
  to   space 23040K, 0% used [0x00000000ed500000,0x00000000ed500000,0x00000000eeb80000)
 ParOldGen       total 78848K, used 78514K [0x00000000a0000000, 0x00000000a4d00000, 0x00000000e0000000)
  object space 78848K, 99% used [0x00000000a0000000,0x00000000a4cac860,0x00000000a4d00000)
 Metaspace       used 99764K, capacity 104318K, committed 104664K, reserved 1140736K
  class space    used 12785K, capacity 13762K, committed 13824K, reserved 1048576K
}

